<?xml version="1.0" encoding="UTF-8"?>
<!-- Generated by org.testng.reporters.JUnitReportReporter -->
<testsuite hostname="localhost.localdomain" name="com.terra.qatest1.TestDatabase" tests="2" failures="0" timestamp="27 Jun 2016 22:05:40 GMT" time="0.024" errors="0">
  <testcase name="testConnectOracle" time="0.001" classname="com.terra.qatest1.TestDatabase"/>
  <testcase name="testConnectMongoDB" time="0.023" classname="com.terra.qatest1.TestDatabase"/>
</testsuite> <!-- com.terra.qatest1.TestDatabase -->
