<?xml version="1.0" encoding="UTF-8"?>
<!-- Generated by org.testng.reporters.JUnitReportReporter -->
<testsuite hostname="localhost.localdomain" name="com.terra.qatest1.ParallelMethodTest" tests="2" failures="0" timestamp="24 Jun 2016 17:37:19 GMT" time="0.021" errors="0">
  <testcase name="testMethodsTwo" time="0.011" classname="com.terra.qatest1.ParallelMethodTest"/>
  <testcase name="testMethodsOne" time="0.010" classname="com.terra.qatest1.ParallelMethodTest"/>
</testsuite> <!-- com.terra.qatest1.ParallelMethodTest -->
