<?xml version="1.0" encoding="UTF-8"?>
<!-- Generated by org.testng.reporters.JUnitXMLReporter -->
<testsuite hostname="localhost.localdomain" name="Test-method test" tests="2" failures="0" timestamp="24 Jun 2016 17:37:19 GMT" time="0.034" errors="0">
  <testcase name="testMethodsOne" time="0.004" classname="com.terra.qatest1.ParallelMethodTest"/>
  <testcase name="testMethodsTwo" time="0.005" classname="com.terra.qatest1.ParallelMethodTest"/>
</testsuite> <!-- Test-method test -->
